FoodManagementApp/app/build/intermediates/manifest_merge_blame_file/debug/manifest-merger-blame-debug-report.txt
1<?xml version="1.0" encoding="utf-8"?>
2<manifest xmlns:android="http://schemas.android.com/apk/res/android"
3    package="com.cms.canteen.foodmanagementapp"
4    android:versionCode="1"
5    android:versionName="1.0" >
6
7    <uses-sdk
8        android:minSdkVersion="15"
8-->src/main/AndroidManifest.xml
9        android:targetSdkVersion="34" />
9-->src/main/AndroidManifest.xml
10
11    <uses-permission android:name="android.permission.INTERNET" />
11-->src/main/AndroidManifest.xml:5:5-67
11-->src/main/AndroidManifest.xml:5:22-64
12    <uses-permission android:name="android.permission.ACCESS_NETWORK_STATE" />
12-->[com.google.firebase:firebase-analytics:12.0.1] AndroidManifest.xml:24:5-79
12-->[com.google.firebase:firebase-analytics:12.0.1] AndroidManifest.xml:24:22-76
13    <uses-permission android:name="android.permission.WAKE_LOCK" /> <!-- Required by older versions of Google Play services to create IID tokens -->
13-->[com.google.firebase:firebase-analytics:12.0.1] AndroidManifest.xml:25:5-68
13-->[com.google.firebase:firebase-analytics:12.0.1] AndroidManifest.xml:25:22-65
14    <uses-permission android:name="com.google.android.c2dm.permission.RECEIVE" />
14-->[com.google.firebase:firebase-iid:12.0.1] AndroidManifest.xml:26:5-82
14-->[com.google.firebase:firebase-iid:12.0.1] AndroidManifest.xml:26:22-79
15
16    <permission
16-->[com.google.firebase:firebase-iid:12.0.1] AndroidManifest.xml:28:5-30:47
17        android:name="com.cms.canteen.foodmanagementapp.permission.C2D_MESSAGE"
17-->[com.google.firebase:firebase-iid:12.0.1] AndroidManifest.xml:29:9-63
18        android:protectionLevel="signature" />
18-->[com.google.firebase:firebase-iid:12.0.1] AndroidManifest.xml:30:9-44
19
20    <uses-permission android:name="com.cms.canteen.foodmanagementapp.permission.C2D_MESSAGE" />
20-->[com.google.firebase:firebase-iid:12.0.1] AndroidManifest.xml:32:5-79
20-->[com.google.firebase:firebase-iid:12.0.1] AndroidManifest.xml:32:22-76
21
22    <permission
22-->[androidx.core:core:1.9.0] AndroidManifest.xml:22:5-24:47
23        android:name="com.cms.canteen.foodmanagementapp.DYNAMIC_RECEIVER_NOT_EXPORTED_PERMISSION"
23-->[androidx.core:core:1.9.0] AndroidManifest.xml:23:9-81
24        android:protectionLevel="signature" />
24-->[androidx.core:core:1.9.0] AndroidManifest.xml:24:9-44
25
26    <uses-permission android:name="com.cms.canteen.foodmanagementapp.DYNAMIC_RECEIVER_NOT_EXPORTED_PERMISSION" />
26-->[androidx.core:core:1.9.0] AndroidManifest.xml:26:5-97
26-->[androidx.core:core:1.9.0] AndroidManifest.xml:26:22-94
27
28    <application
28-->src/main/AndroidManifest.xml:7:5-37:19
29        android:allowBackup="true"
29-->src/main/AndroidManifest.xml:8:9-35
30        android:appComponentFactory="androidx.core.app.CoreComponentFactory"
30-->[androidx.core:core:1.9.0] AndroidManifest.xml:28:18-86
31        android:debuggable="true"
32        android:icon="@mipmap/ic_launcher"
32-->src/main/AndroidManifest.xml:9:9-43
33        android:label="@string/app_name"
33-->src/main/AndroidManifest.xml:10:9-41
34        android:roundIcon="@mipmap/ic_launcher"
34-->src/main/AndroidManifest.xml:11:9-48
35        android:supportsRtl="true"
35-->src/main/AndroidManifest.xml:12:9-35
36        android:testOnly="true"
37        android:theme="@style/AppTheme" >
37-->src/main/AndroidManifest.xml:13:9-40
38        <activity
38-->src/main/AndroidManifest.xml:14:9-22:20
39            android:name="com.cms.canteen.foodmanagementapp.WelcomeActivity"
39-->src/main/AndroidManifest.xml:15:13-77
40            android:exported="true" >
40-->src/main/AndroidManifest.xml:16:13-36
41            <intent-filter>
41-->src/main/AndroidManifest.xml:17:13-21:29
42                <action android:name="android.intent.action.MAIN" />
42-->src/main/AndroidManifest.xml:18:17-69
42-->src/main/AndroidManifest.xml:18:25-66
43
44                <category android:name="android.intent.category.LAUNCHER" />
44-->src/main/AndroidManifest.xml:20:17-77
44-->src/main/AndroidManifest.xml:20:27-74
45            </intent-filter>
46        </activity>
47        <activity
47-->src/main/AndroidManifest.xml:23:9-26:47
48            android:name="com.cms.canteen.foodmanagementapp.MainActivity"
48-->src/main/AndroidManifest.xml:24:13-74
49            android:label="@string/title_activity_welcome"
49-->src/main/AndroidManifest.xml:25:13-59
50            android:theme="@style/AppTheme" />
50-->src/main/AndroidManifest.xml:26:13-44
51        <activity android:name="com.cms.canteen.foodmanagementapp.SignIn" />
51-->src/main/AndroidManifest.xml:27:9-28:15
51-->src/main/AndroidManifest.xml:27:19-74
52        <activity android:name="com.cms.canteen.foodmanagementapp.SignUp" />
52-->src/main/AndroidManifest.xml:29:9-77
52-->src/main/AndroidManifest.xml:29:19-74
53        <activity
53-->src/main/AndroidManifest.xml:30:9-33:47
54            android:name="com.cms.canteen.foodmanagementapp.Home"
54-->src/main/AndroidManifest.xml:31:13-66
55            android:label="@string/title_activity_home"
55-->src/main/AndroidManifest.xml:32:13-56
56            android:theme="@style/AppTheme" />
56-->src/main/AndroidManifest.xml:33:13-44
57        <activity android:name="com.cms.canteen.foodmanagementapp.FoodList" />
57-->src/main/AndroidManifest.xml:34:9-79
57-->src/main/AndroidManifest.xml:34:19-76
58        <activity android:name="com.cms.canteen.foodmanagementapp.FoodDetail" />
58-->src/main/AndroidManifest.xml:35:9-81
58-->src/main/AndroidManifest.xml:35:19-78
59        <activity android:name="com.cms.canteen.foodmanagementapp.Cart" />
59-->src/main/AndroidManifest.xml:36:9-84
59-->src/main/AndroidManifest.xml:36:19-72
60
61        <meta-data
61-->[com.firebaseui:firebase-ui-database:1.2.0] AndroidManifest.xml:14:9-16:69
62            android:name="com.google.android.gms.version"
62-->[com.firebaseui:firebase-ui-database:1.2.0] AndroidManifest.xml:15:13-58
63            android:value="@integer/google_play_services_version" />
63-->[com.firebaseui:firebase-ui-database:1.2.0] AndroidManifest.xml:16:13-66
64
65        <receiver
65-->[com.google.firebase:firebase-analytics:12.0.1] AndroidManifest.xml:28:9-32:20
66            android:name="com.google.android.gms.measurement.AppMeasurementReceiver"
66-->[com.google.firebase:firebase-analytics:12.0.1] AndroidManifest.xml:29:13-85
67            android:enabled="true"
67-->[com.google.firebase:firebase-analytics:12.0.1] AndroidManifest.xml:30:13-35
68            android:exported="false" >
68-->[com.google.firebase:firebase-analytics:12.0.1] AndroidManifest.xml:31:13-37
69        </receiver>
70        <receiver
70-->[com.google.firebase:firebase-analytics:12.0.1] AndroidManifest.xml:33:9-41:20
71            android:name="com.google.android.gms.measurement.AppMeasurementInstallReferrerReceiver"
71-->[com.google.firebase:firebase-analytics:12.0.1] AndroidManifest.xml:34:13-100
72            android:enabled="true"
72-->[com.google.firebase:firebase-analytics:12.0.1] AndroidManifest.xml:35:13-35
73            android:exported="true"
73-->[com.google.firebase:firebase-analytics:12.0.1] AndroidManifest.xml:36:13-36
74            android:permission="android.permission.INSTALL_PACKAGES" >
74-->[com.google.firebase:firebase-analytics:12.0.1] AndroidManifest.xml:37:13-69
75            <intent-filter>
75-->[com.google.firebase:firebase-analytics:12.0.1] AndroidManifest.xml:38:13-40:29
76                <action android:name="com.android.vending.INSTALL_REFERRER" />
76-->[com.google.firebase:firebase-analytics:12.0.1] AndroidManifest.xml:39:17-79
76-->[com.google.firebase:firebase-analytics:12.0.1] AndroidManifest.xml:39:25-76
77            </intent-filter>
78        </receiver>
79
80        <service
80-->[com.google.firebase:firebase-analytics:12.0.1] AndroidManifest.xml:43:9-46:40
81            android:name="com.google.android.gms.measurement.AppMeasurementService"
81-->[com.google.firebase:firebase-analytics:12.0.1] AndroidManifest.xml:44:13-84
82            android:enabled="true"
82-->[com.google.firebase:firebase-analytics:12.0.1] AndroidManifest.xml:45:13-35
83            android:exported="false" />
83-->[com.google.firebase:firebase-analytics:12.0.1] AndroidManifest.xml:46:13-37
84        <service
84-->[com.google.firebase:firebase-analytics:12.0.1] AndroidManifest.xml:47:9-51:72
85            android:name="com.google.android.gms.measurement.AppMeasurementJobService"
85-->[com.google.firebase:firebase-analytics:12.0.1] AndroidManifest.xml:48:13-87
86            android:enabled="true"
86-->[com.google.firebase:firebase-analytics:12.0.1] AndroidManifest.xml:49:13-35
87            android:exported="false"
87-->[com.google.firebase:firebase-analytics:12.0.1] AndroidManifest.xml:50:13-37
88            android:permission="android.permission.BIND_JOB_SERVICE" />
88-->[com.google.firebase:firebase-analytics:12.0.1] AndroidManifest.xml:51:13-69
89
90        <receiver
90-->[com.google.firebase:firebase-iid:12.0.1] AndroidManifest.xml:35:9-44:20
91            android:name="com.google.firebase.iid.FirebaseInstanceIdReceiver"
91-->[com.google.firebase:firebase-iid:12.0.1] AndroidManifest.xml:36:13-78
92            android:exported="true"
92-->[com.google.firebase:firebase-iid:12.0.1] AndroidManifest.xml:37:13-36
93            android:permission="com.google.android.c2dm.permission.SEND" >
93-->[com.google.firebase:firebase-iid:12.0.1] AndroidManifest.xml:38:13-73
94            <intent-filter>
94-->[com.google.firebase:firebase-iid:12.0.1] AndroidManifest.xml:39:13-43:29
95                <action android:name="com.google.android.c2dm.intent.RECEIVE" />
95-->[com.google.firebase:firebase-iid:12.0.1] AndroidManifest.xml:40:17-81
95-->[com.google.firebase:firebase-iid:12.0.1] AndroidManifest.xml:40:25-78
96
97                <category android:name="com.cms.canteen.foodmanagementapp" />
97-->[com.google.firebase:firebase-iid:12.0.1] AndroidManifest.xml:42:17-61
97-->[com.google.firebase:firebase-iid:12.0.1] AndroidManifest.xml:42:27-58
98            </intent-filter>
99        </receiver>
100        <!--
101             FirebaseInstanceIdService performs security checks at runtime,
102             no need for explicit permissions despite exported="true"
103        -->
104        <service
104-->[com.google.firebase:firebase-iid:12.0.1] AndroidManifest.xml:50:9-56:19
105            android:name="com.google.firebase.iid.FirebaseInstanceIdService"
105-->[com.google.firebase:firebase-iid:12.0.1] AndroidManifest.xml:51:13-77
106            android:exported="true" >
106-->[com.google.firebase:firebase-iid:12.0.1] AndroidManifest.xml:52:13-36
107            <intent-filter android:priority="-500" >
107-->[com.google.firebase:firebase-iid:12.0.1] AndroidManifest.xml:53:13-55:29
107-->[com.google.firebase:firebase-iid:12.0.1] AndroidManifest.xml:53:28-51
108                <action android:name="com.google.firebase.INSTANCE_ID_EVENT" />
108-->[com.google.firebase:firebase-iid:12.0.1] AndroidManifest.xml:54:17-80
108-->[com.google.firebase:firebase-iid:12.0.1] AndroidManifest.xml:54:25-77
109            </intent-filter>
110        </service>
111
112        <provider
112-->[com.google.firebase:firebase-common:12.0.1] AndroidManifest.xml:8:9-12:39
113            android:name="com.google.firebase.provider.FirebaseInitProvider"
113-->[com.google.firebase:firebase-common:12.0.1] AndroidManifest.xml:9:13-77
114            android:authorities="com.cms.canteen.foodmanagementapp.firebaseinitprovider"
114-->[com.google.firebase:firebase-common:12.0.1] AndroidManifest.xml:10:13-72
115            android:exported="false"
115-->[com.google.firebase:firebase-common:12.0.1] AndroidManifest.xml:11:13-37
116            android:initOrder="100" />
116-->[com.google.firebase:firebase-common:12.0.1] AndroidManifest.xml:12:13-36
117        <provider
117-->[com.squareup.picasso:picasso:2.71828] AndroidManifest.xml:8:9-11:40
118            android:name="com.squareup.picasso.PicassoProvider"
118-->[com.squareup.picasso:picasso:2.71828] AndroidManifest.xml:9:13-64
119            android:authorities="com.cms.canteen.foodmanagementapp.com.squareup.picasso"
119-->[com.squareup.picasso:picasso:2.71828] AndroidManifest.xml:10:13-72
120            android:exported="false" />
120-->[com.squareup.picasso:picasso:2.71828] AndroidManifest.xml:11:13-37
121        <provider
121-->[androidx.emoji2:emoji2:1.2.0] AndroidManifest.xml:24:9-32:20
122            android:name="androidx.startup.InitializationProvider"
122-->[androidx.emoji2:emoji2:1.2.0] AndroidManifest.xml:25:13-67
123            android:authorities="com.cms.canteen.foodmanagementapp.androidx-startup"
123-->[androidx.emoji2:emoji2:1.2.0] AndroidManifest.xml:26:13-68
124            android:exported="false" >
124-->[androidx.emoji2:emoji2:1.2.0] AndroidManifest.xml:27:13-37
125            <meta-data
125-->[androidx.emoji2:emoji2:1.2.0] AndroidManifest.xml:29:13-31:52
126                android:name="androidx.emoji2.text.EmojiCompatInitializer"
126-->[androidx.emoji2:emoji2:1.2.0] AndroidManifest.xml:30:17-75
127                android:value="androidx.startup" />
127-->[androidx.emoji2:emoji2:1.2.0] AndroidManifest.xml:31:17-49
128            <meta-data
128-->[androidx.lifecycle:lifecycle-process:2.6.1] AndroidManifest.xml:29:13-31:52
129                android:name="androidx.lifecycle.ProcessLifecycleInitializer"
129-->[androidx.lifecycle:lifecycle-process:2.6.1] AndroidManifest.xml:30:17-78
130                android:value="androidx.startup" />
130-->[androidx.lifecycle:lifecycle-process:2.6.1] AndroidManifest.xml:31:17-49
131            <meta-data
131-->[androidx.profileinstaller:profileinstaller:1.3.0] AndroidManifest.xml:29:13-31:52
132                android:name="androidx.profileinstaller.ProfileInstallerInitializer"
132-->[androidx.profileinstaller:profileinstaller:1.3.0] AndroidManifest.xml:30:17-85
133                android:value="androidx.startup" />
133-->[androidx.profileinstaller:profileinstaller:1.3.0] AndroidManifest.xml:31:17-49
134        </provider>
135
136        <receiver
136-->[androidx.profileinstaller:profileinstaller:1.3.0] AndroidManifest.xml:34:9-52:20
137            android:name="androidx.profileinstaller.ProfileInstallReceiver"
137-->[androidx.profileinstaller:profileinstaller:1.3.0] AndroidManifest.xml:35:13-76
138            android:directBootAware="false"
138-->[androidx.profileinstaller:profileinstaller:1.3.0] AndroidManifest.xml:36:13-44
139            android:enabled="true"
139-->[androidx.profileinstaller:profileinstaller:1.3.0] AndroidManifest.xml:37:13-35
140            android:exported="true"
140-->[androidx.profileinstaller:profileinstaller:1.3.0] AndroidManifest.xml:38:13-36
141            android:permission="android.permission.DUMP" >
141-->[androidx.profileinstaller:profileinstaller:1.3.0] AndroidManifest.xml:39:13-57
142            <intent-filter>
142-->[androidx.profileinstaller:profileinstaller:1.3.0] AndroidManifest.xml:40:13-42:29
143                <action android:name="androidx.profileinstaller.action.INSTALL_PROFILE" />
143-->[androidx.profileinstaller:profileinstaller:1.3.0] AndroidManifest.xml:41:17-91
143-->[androidx.profileinstaller:profileinstaller:1.3.0] AndroidManifest.xml:41:25-88
144            </intent-filter>
145            <intent-filter>
145-->[androidx.profileinstaller:profileinstaller:1.3.0] AndroidManifest.xml:43:13-45:29
146                <action android:name="androidx.profileinstaller.action.SKIP_FILE" />
146-->[androidx.profileinstaller:profileinstaller:1.3.0] AndroidManifest.xml:44:17-85
146-->[androidx.profileinstaller:profileinstaller:1.3.0] AndroidManifest.xml:44:25-82
147            </intent-filter>
148            <intent-filter>
148-->[androidx.profileinstaller:profileinstaller:1.3.0] AndroidManifest.xml:46:13-48:29
149                <action android:name="androidx.profileinstaller.action.SAVE_PROFILE" />
149-->[androidx.profileinstaller:profileinstaller:1.3.0] AndroidManifest.xml:47:17-88
149-->[androidx.profileinstaller:profileinstaller:1.3.0] AndroidManifest.xml:47:25-85
150            </intent-filter>
151            <intent-filter>
151-->[androidx.profileinstaller:profileinstaller:1.3.0] AndroidManifest.xml:49:13-51:29
152                <action android:name="androidx.profileinstaller.action.BENCHMARK_OPERATION" />
152-->[androidx.profileinstaller:profileinstaller:1.3.0] AndroidManifest.xml:50:17-95
152-->[androidx.profileinstaller:profileinstaller:1.3.0] AndroidManifest.xml:50:25-92
153            </intent-filter>
154        </receiver>
155    </application>
156
157</manifest>